<?xml version="1.0" encoding="utf-8"?><testsuites name="pytest tests"><testsuite name="pytest" errors="0" failures="0" skipped="0" tests="3" time="0.602" timestamp="2025-09-02T22:43:12.281607+03:00" hostname="SATTVA"><testcase classname="tests.integration.test_compose_validate" name="test_docker_compose_config_can_render" time="0.287" /><testcase classname="tests.unit.test_basic_layout" name="test_env_schema_exists" time="0.001" /><testcase classname="tests.unit.test_basic_layout" name="test_compose_yamls_present_and_nonempty" time="0.002" /></testsuite></testsuites>